1623864526135	geckodriver	INFO	Listening on 127.0.0.1:62749
1623864529177	mozrunner::runner	INFO	Running command: "C:\\Program Files (x86)\\Mozilla Firefox\\firefox.exe" "--marionette" "-foreground" "-no-remote" "-profile" "C:\\Users\\Acer\\AppData\\Local\\Temp\\rust_mozprofileeMksnS"
1623864530029	Marionette	INFO	Marionette enabled
console.warn: SearchSettings: "get: No settings file exists, new profile?" (new NotFoundError("Could not open the file at C:\\Users\\Acer\\AppData\\Local\\Temp\\rust_mozprofileeMksnS\\search.json.mozlz4", (void 0)))
1623864533859	Marionette	INFO	Listening on port 62757
1623864533949	Marionette	WARN	TLS certificate errors will be ignored for this session
1623864548916	Marionette	INFO	Stopped listening on port 62757
1623864572686	geckodriver	INFO	Listening on 127.0.0.1:62812
1623864575721	mozrunner::runner	INFO	Running command: "C:\\Program Files (x86)\\Mozilla Firefox\\firefox.exe" "--marionette" "-foreground" "-no-remote" "-profile" "C:\\Users\\Acer\\AppData\\Local\\Temp\\rust_mozprofileRdlKDL"
1623864576411	Marionette	INFO	Marionette enabled
console.warn: SearchSettings: "get: No settings file exists, new profile?" (new NotFoundError("Could not open the file at C:\\Users\\Acer\\AppData\\Local\\Temp\\rust_mozprofileRdlKDL\\search.json.mozlz4", (void 0)))
1623864580654	Marionette	INFO	Listening on port 62820
1623864581054	Marionette	WARN	TLS certificate errors will be ignored for this session
1623864673632	Marionette	INFO	Stopped listening on port 62820
1623865871257	geckodriver	INFO	Listening on 127.0.0.1:63046
1623865874332	mozrunner::runner	INFO	Running command: "C:\\Program Files (x86)\\Mozilla Firefox\\firefox.exe" "--marionette" "-foreground" "-no-remote" "-profile" "C:\\Users\\Acer\\AppData\\Local\\Temp\\rust_mozprofileKQlmmM"
1623865875102	Marionette	INFO	Marionette enabled
console.warn: SearchSettings: "get: No settings file exists, new profile?" (new NotFoundError("Could not open the file at C:\\Users\\Acer\\AppData\\Local\\Temp\\rust_mozprofileKQlmmM\\search.json.mozlz4", (void 0)))
1623865879158	Marionette	INFO	Listening on port 63054
1623865879187	Marionette	WARN	TLS certificate errors will be ignored for this session
1623866092746	Marionette	INFO	Stopped listening on port 63054

###!!! [Child][RunMessage] Error: Channel closing: too late to send/recv, messages will be lost


###!!! [Child][RunMessage] Error: Channel closing: too late to send/recv, messages will be lost

st_mozprofilePjl4ho"
1623865885705	Marionette	INFO	Marionette enabled
console.warn: SearchSettings: "get: No settings file exists, new profile?" (new NotFoundError("Could not open the file at C:\\Users\\Acer\\AppData\\Local\\Temp\\rust_mozprofilePjl4ho\\search.json.mozlz4", (void 0)))
1623865890539	Marionette	INFO	Listening on port 63102
1623865890869	Marionette	WARN	TLS certificate errors will be ignored for this session
JavaScript error: http://127.0.0.1:8000/static/js/index.js, line 22: TypeError: document.forms.form1['your-CNIC'] is undefined
1623866090535	Marionette	INFO	Stopped listening on port 63102

###!!! [Child][RunMessage] Error: Channel closing: too late to send/recv, messages will be lost

.exe" "--marionette" "-foreground" "-no-remote" "-profile" "C:\\Users\\Acer\\AppData\\Local\\Temp\\rust_mozprofileio7dpQ"
1623865991939	Marionette	INFO	Marionette enabled
console.warn: SearchSettings: "get: No settings file exists, new profile?" (new NotFoundError("Could not open the file at C:\\Users\\Acer\\AppData\\Local\\Temp\\rust_mozprofileio7dpQ\\search.json.mozlz4", (void 0)))
1623865996440	Marionette	INFO	Listening on port 53258
1623865996968	Marionette	WARN	TLS certificate errors will be ignored for this session
1623866098294	Marionette	INFO	Stopped listening on port 53258

###!!! [Child][RunMessage] Error: Channel closing: too late to send/recv, messages will be lost

.exe" "--marionette" "-foreground" "-no-remote" "-profile" "C:\\Users\\Acer\\AppData\\Local\\Temp\\rust_mozprofileN3ZDRv"
1623866003193	Marionette	INFO	Marionette enabled
console.warn: SearchSettings: "get: No settings file exists, new profile?" (new NotFoundError("Could not open the file at C:\\Users\\Acer\\AppData\\Local\\Temp\\rust_mozprofileN3ZDRv\\search.json.mozlz4", (void 0)))
1623866008973	Marionette	INFO	Listening on port 53317
1623866009447	Marionette	WARN	TLS certificate errors will be ignored for this session
JavaScript error: http://127.0.0.1:8000/static/js/index.js, line 22: TypeError: document.forms.form1['your-CNIC'] is undefined
JavaScript error: , line 0: NotFoundError: No such JSWindowActor 'MarionetteEvents'
JavaScript error: , line 0: NotFoundError: No such JSWindowActor 'MarionetteEvents'
1623866095955	Marionette	INFO	Stopped listening on port 53317
3866056886	mozrunner::runner	INFO	Running command: "C:\\Program Files (x86)\\Mozilla Firefox\\firefox.exe" "--marionette" "-foreground" "-no-remote" "-profile" "C:\\Users\\Acer\\AppData\\Local\\Temp\\rust_mozprofile4YlcBM"
1623866057540	Marionette	INFO	Marionette enabled
console.warn: SearchSettings: "get: No settings file exists, new profile?" (new NotFoundError("Could not open the file at C:\\Users\\Acer\\AppData\\Local\\Temp\\rust_mozprofile4YlcBM\\search.json.mozlz4", (void 0)))
1623866061545	Marionette	INFO	Listening on port 53431
1623866061808	Marionette	WARN	TLS certificate errors will be ignored for this session
1623866089228	Marionette	INFO	Stopped listening on port 53431
3866067548	mozrunner::runner	INFO	Running command: "C:\\Program Files (x86)\\Mozilla Firefox\\firefox.exe" "--marionette" "-foreground" "-no-remote" "-profile" "C:\\Users\\Acer\\AppData\\Local\\Temp\\rust_mozprofileNaeecR"
1623866068396	Marionette	INFO	Marionette enabled
console.warn: SearchSettings: "get: No settings file exists, new profile?" (new NotFoundError("Could not open the file at C:\\Users\\Acer\\AppData\\Local\\Temp\\rust_mozprofileNaeecR\\search.json.mozlz4", (void 0)))
1623866073607	Marionette	INFO	Listening on port 53498
1623866073940	Marionette	WARN	TLS certificate errors will be ignored for this session
JavaScript error: http://127.0.0.1:8000/static/js/index.js, line 22: TypeError: document.forms.form1['your-CNIC'] is undefined
1623866088072	Marionette	INFO	Stopped listening on port 53498
1623866194328	geckodriver	INFO	Listening on 127.0.0.1:53607
1623866197389	mozrunner::runner	INFO	Running command: "C:\\Program Files (x86)\\Mozilla Firefox\\firefox.exe" "--marionette" "-foreground" "-no-remote" "-profile" "C:\\Users\\Acer\\AppData\\Local\\Temp\\rust_mozprofile1Zn7em"
1623866198435	Marionette	INFO	Marionette enabled
console.warn: SearchSettings: "get: No settings file exists, new profile?" (new NotFoundError("Could not open the file at C:\\Users\\Acer\\AppData\\Local\\Temp\\rust_mozprofile1Zn7em\\search.json.mozlz4", (void 0)))
1623866203026	Marionette	INFO	Listening on port 53616
1623866203589	Marionette	WARN	TLS certificate errors will be ignored for this session
1623866245388	Marionette	INFO	Stopped listening on port 53616
3866209016	mozrunner::runner	INFO	Running command: "C:\\Program Files (x86)\\Mozilla Firefox\\firefox.exe" "--marionette" "-foreground" "-no-remote" "-profile" "C:\\Users\\Acer\\AppData\\Local\\Temp\\rust_mozprofile0vasbz"
1623866209779	Marionette	INFO	Marionette enabled
console.warn: SearchSettings: "get: No settings file exists, new profile?" (new NotFoundError("Could not open the file at C:\\Users\\Acer\\AppData\\Local\\Temp\\rust_mozprofile0vasbz\\search.json.mozlz4", (void 0)))
1623866213908	Marionette	INFO	Listening on port 53685
1623866214371	Marionette	WARN	TLS certificate errors will be ignored for this session
JavaScript error: http://127.0.0.1:8000/static/js/index.js, line 22: TypeError: document.forms.form1['your-CNIC'] is undefined
1623866253178	Marionette	INFO	Stopped listening on port 53685

###!!! [Child][RunMessage] Error: Channel closing: too late to send/recv, messages will be lost

.exe" "--marionette" "-foreground" "-no-remote" "-profile" "C:\\Users\\Acer\\AppData\\Local\\Temp\\rust_mozprofilews2ze8"
1623866250132	Marionette	INFO	Marionette enabled
console.warn: SearchSettings: "get: No settings file exists, new profile?" (new NotFoundError("Could not open the file at C:\\Users\\Acer\\AppData\\Local\\Temp\\rust_mozprofilews2ze8\\search.json.mozlz4", (void 0)))
1623866254748	Marionette	INFO	Listening on port 53787
1623866254824	Marionette	WARN	TLS certificate errors will be ignored for this session

###!!! [Parent][MessageChannel] Error: (msgtype=0x390079,name=PContent::Msg_DestroyBrowsingContextGroup) Closed channel: cannot send/recv

1623866277118	Marionette	INFO	Stopped listening on port 53787
mote" "-profile" "C:\\Users\\Acer\\AppData\\Local\\Temp\\rust_mozprofilejraUSt"
1623866260753	Marionette	INFO	Marionette enabled
console.warn: SearchSettings: "get: No settings file exists, new profile?" (new NotFoundError("Could not open the file at C:\\Users\\Acer\\AppData\\Local\\Temp\\rust_mozprofilejraUSt\\search.json.mozlz4", (void 0)))
1623866265671	Marionette	INFO	Listening on port 53858
1623866266038	Marionette	WARN	TLS certificate errors will be ignored for this session
JavaScript error: http://127.0.0.1:8000/static/js/index.js, line 22: TypeError: document.forms.form1['your-CNIC'] is undefined
1623866299986	Marionette	INFO	Stopped listening on port 53858

###!!! [Child][RunMessage] Error: Channel closing: too late to send/recv, messages will be lost

1623866300790	geckodriver	INFO	Listening on 127.0.0.1:53944
1623866303820	mozrunner::runner	INFO	Running command: "C:\\Program Files (x86)\\Mozilla Firefox\\firefox.exe" "--marionette" "-foreground" "-no-remote" "-profile" "C:\\Users\\Acer\\AppData\\Local\\Temp\\rust_mozprofilebPAAdi"
1623866305044	Marionette	INFO	Marionette enabled
console.warn: SearchSettings: "get: No settings file exists, new profile?" (new NotFoundError("Could not open the file at C:\\Users\\Acer\\AppData\\Local\\Temp\\rust_mozprofilebPAAdi\\search.json.mozlz4", (void 0)))
1623866309609	Marionette	INFO	Listening on port 53954
1623866309665	Marionette	WARN	TLS certificate errors will be ignored for this session
1623866316723	Marionette	INFO	Stopped listening on port 53954
3866315022	mozrunner::runner	INFO	Running command: "C:\\Program Files (x86)\\Mozilla Firefox\\firefox.exe" "--marionette" "-foreground" "-no-remote" "-profile" "C:\\Users\\Acer\\AppData\\Local\\Temp\\rust_mozprofile7z01uK"
1623866316485	Marionette	INFO	Marionette enabled
console.warn: SearchSettings: "get: No settings file exists, new profile?" (new NotFoundError("Could not open the file at C:\\Users\\Acer\\AppData\\Local\\Temp\\rust_mozprofile7z01uK\\search.json.mozlz4", (void 0)))
1623866321211	Marionette	INFO	Listening on port 54016
1623866321369	Marionette	WARN	TLS certificate errors will be ignored for this session
JavaScript error: http://127.0.0.1:8000/static/js/index.js, line 22: TypeError: document.forms.form1['your-CNIC'] is undefined
1623866385707	Marionette	INFO	Stopped listening on port 54016

###!!! [Child][RunMessage] Error: Channel closing: too late to send/recv, messages will be lost


###!!! [Child][RunMessage] Error: Channel closing: too late to send/recv, messages will be lost

st_mozprofile9oMj3e"
1623866334710	Marionette	INFO	Marionette enabled
console.warn: SearchSettings: "get: No settings file exists, new profile?" (new NotFoundError("Could not open the file at C:\\Users\\Acer\\AppData\\Local\\Temp\\rust_mozprofile9oMj3e\\search.json.mozlz4", (void 0)))
1623866338621	Marionette	INFO	Listening on port 54090
1623866338841	Marionette	WARN	TLS certificate errors will be ignored for this session
1623866383112	Marionette	INFO	Stopped listening on port 54090
3866343675	mozrunner::runner	INFO	Running command: "C:\\Program Files (x86)\\Mozilla Firefox\\firefox.exe" "--marionette" "-foreground" "-no-remote" "-profile" "C:\\Users\\Acer\\AppData\\Local\\Temp\\rust_mozprofileKxeq2b"
1623866344366	Marionette	INFO	Marionette enabled
console.warn: SearchSettings: "get: No settings file exists, new profile?" (new NotFoundError("Could not open the file at C:\\Users\\Acer\\AppData\\Local\\Temp\\rust_mozprofileKxeq2b\\search.json.mozlz4", (void 0)))
1623866348876	Marionette	INFO	Listening on port 54176
1623866349026	Marionette	WARN	TLS certificate errors will be ignored for this session
JavaScript error: http://127.0.0.1:8000/static/js/index.js, line 22: TypeError: document.forms.form1['your-CNIC'] is undefined
JavaScript error: , line 0: NotFoundError: No such JSWindowActor 'MarionetteEvents'
JavaScript error: , line 0: NotFoundError: No such JSWindowActor 'MarionetteEvents'
1623866384194	Marionette	INFO	Stopped listening on port 54176
1623866419985	geckodriver	INFO	Listening on 127.0.0.1:54274
1623866423029	mozrunner::runner	INFO	Running command: "C:\\Program Files (x86)\\Mozilla Firefox\\firefox.exe" "--marionette" "-foreground" "-no-remote" "-profile" "C:\\Users\\Acer\\AppData\\Local\\Temp\\rust_mozprofile4SKcmr"
1623866423827	Marionette	INFO	Marionette enabled
console.warn: SearchSettings: "get: No settings file exists, new profile?" (new NotFoundError("Could not open the file at C:\\Users\\Acer\\AppData\\Local\\Temp\\rust_mozprofile4SKcmr\\search.json.mozlz4", (void 0)))
1623866428188	Marionette	INFO	Listening on port 54282
1623866428364	Marionette	WARN	TLS certificate errors will be ignored for this session
1623866449556	Marionette	INFO	Stopped listening on port 54282
1623866464090	geckodriver	INFO	Listening on 127.0.0.1:54373
1623866467144	mozrunner::runner	INFO	Running command: "C:\\Program Files (x86)\\Mozilla Firefox\\firefox.exe" "--marionette" "-foreground" "-no-remote" "-profile" "C:\\Users\\Acer\\AppData\\Local\\Temp\\rust_mozprofile0ZmKgk"
1623866467749	Marionette	INFO	Marionette enabled
console.warn: SearchSettings: "get: No settings file exists, new profile?" (new NotFoundError("Could not open the file at C:\\Users\\Acer\\AppData\\Local\\Temp\\rust_mozprofile0ZmKgk\\search.json.mozlz4", (void 0)))
1623866471607	Marionette	INFO	Listening on port 54382
1623866472024	Marionette	WARN	TLS certificate errors will be ignored for this session
1623866575272	Marionette	INFO	Stopped listening on port 54381623866576620	mozrunner::runner	INFO	Running command: "C:\\Program Files (x86)\\Mozilla Firefox\\firefox.exe" "--marionette" "-foreground" "-no-remote" "-profile" "C:\\Users\\Acer\\AppData\\Local\\Temp\\rust_mozprofileKkNnpZ"
1623866577433	Marionette	INFO	Marionette enabled
console.warn: SearchSettings: "get: No settings file exists, new profile?" (new NotFoundError("Could not open the file at C:\\Users\\Acer\\AppData\\Local\\Temp\\rust_mozprofileKkNnpZ\\search.json.mozlz4", (void 0)))
1623866581469	Marionette	INFO	Listening on port 54490
1623866581957	Marionette	WARN	TLS certificate errors will be ignored for this session
1623866586255	Marionette	WARN	Ignoring event 'DOMContentLoaded' because document has an invalid readyState of 'complete'.
1623866631995	Marionette	INFO	Stopped listening on port 54490
1623866637547	geckodriver	INFO	Listening on 127.0.0.1:54585
1623866640575	mozrunner::runner	INFO	Running command: "C:\\Program Files (x86)\\Mozilla Firefox\\firefox.exe" "--marionette" "-foreground" "-no-remote" "-profile" "C:\\Users\\Acer\\AppData\\Local\\Temp\\rust_mozprofile8rL51a"
1623866641212	Marionette	INFO	Marionette enabled
console.warn: SearchSettings: "get: No settings file exists, new profile?" (new NotFoundError("Could not open the file at C:\\Users\\Acer\\AppData\\Local\\Temp\\rust_mozprofile8rL51a\\search.json.mozlz4", (void 0)))
[Parent 18248, IPC I/O Parent] WARNING: file /builds/worker/checkouts/gecko/ipc/chromium/src/base/process_util_win.cc:167
1623866645542	Marionette	INFO	Listening on port 54593
1623866645904	Marionette	WARN	TLS certificate errors will be ignored for this session
JavaScript error: http://127.0.0.1:8000/static/js/index.js, line 22: TypeError: document.forms.form1['your-CNIC'] is undefined
1623866678982	Marionette	INFO	Stopped listening on port 54593

###!!! [Child][RunMessage] Error: Channel closing: too late to send/recv, messages will be lost

1623866789872	geckodriver	INFO	Listening on 127.0.0.1:54688
1623866792924	mozrunner::runner	INFO	Running command: "C:\\Program Files (x86)\\Mozilla Firefox\\firefox.exe" "--marionette" "-foreground" "-no-remote" "-profile" "C:\\Users\\Acer\\AppData\\Local\\Temp\\rust_mozprofileooiDmz"
1623866793517	Marionette	INFO	Marionette enabled
console.warn: SearchSettings: "get: No settings file exists, new profile?" (new NotFoundError("Could not open the file at C:\\Users\\Acer\\AppData\\Local\\Temp\\rust_mozprofileooiDmz\\search.json.mozlz4", (void 0)))
1623866797599	Marionette	INFO	Listening on port 54696
1623866797766	Marionette	WARN	TLS certificate errors will be ignored for this session
1623866802617	Marionette	WARN	Ignoring event 'DOMContentLoaded' because document has an invalid readyState of 'complete'.
1623866918543	Marionette	INFO	Stopped listening on port 54696

###!!! [Child][RunMessage] Error: Channel closing: too late to send/recv, messages will be lost


###!!! [Child][RunMessage] Error: Channel closing: too late to send/recv, messages will be lost

1623866926188	geckodriver	INFO	Listening on 127.0.0.1:54807
1623866929229	mozrunner::runner	INFO	Running command: "C:\\Program Files (x86)\\Mozilla Firefox\\firefox.exe" "--marionette" "-foreground" "-no-remote" "-profile" "C:\\Users\\Acer\\AppData\\Local\\Temp\\rust_mozprofileNkjAwW"
1623866929889	Marionette	INFO	Marionette enabled
console.warn: SearchSettings: "get: No settings file exists, new profile?" (new NotFoundError("Could not open the file at C:\\Users\\Acer\\AppData\\Local\\Temp\\rust_mozprofileNkjAwW\\search.json.mozlz4", (void 0)))
1623866933811	Marionette	INFO	Listening on port 54815
1623866934051	Marionette	WARN	TLS certificate errors will be ignored for this session
JavaScript error: http://127.0.0.1:8000/static/js/index.js, line 22: TypeError: document.forms.form1['your-CNIC'] is undefined
1623866981362	Marionette	INFO	Stopped listening on port 54815
1623867046671	geckodriver	INFO	Listening on 127.0.0.1:54912
1623867049698	mozrunner::runner	INFO	Running command: "C:\\Program Files (x86)\\Mozilla Firefox\\firefox.exe" "--marionette" "-foreground" "-no-remote" "-profile" "C:\\Users\\Acer\\AppData\\Local\\Temp\\rust_mozprofile4avypq"
1623867050285	Marionette	INFO	Marionette enabled
console.warn: SearchSettings: "get: No settings file exists, new profile?" (new NotFoundError("Could not open the file at C:\\Users\\Acer\\AppData\\Local\\Temp\\rust_mozprofile4avypq\\search.json.mozlz4", (void 0)))
1623867054247	Marionette	INFO	Listening on port 54920
1623867054551	Marionette	WARN	TLS certificate errors will be ignored for this session
JavaScript error: http://127.0.0.1:8000/static/js/index.js, line 22: TypeError: document.forms.form1['your-CNIC'] is undefined
1623867080139	Marionette	INFO	Stopped listening on port 54920
3867069981	mozrunner::runner	INFO	Running command: "C:\\Program Files (x86)\\Mozilla Firefox\\firefox.exe" "--marionette" "-foreground" "-no-remote" "-profile" "C:\\Users\\Acer\\AppData\\Local\\Temp\\rust_mozprofileZJZTr3"
1623867070664	Marionette	INFO	Marionette enabled
console.warn: SearchSettings: "get: No settings file exists, new profile?" (new NotFoundError("Could not open the file at C:\\Users\\Acer\\AppData\\Local\\Temp\\rust_mozprofileZJZTr3\\search.json.mozlz4", (void 0)))
1623867074342	Marionette	INFO	Listening on port 55007
1623867074841	Marionette	WARN	TLS certificate errors will be ignored for this session
1623867099461	Marionette	INFO	Stopped listening on port 55007
1623867185947	geckodriver	INFO	Listening on 127.0.0.1:55106
1623867189003	mozrunner::runner	INFO	Running command: "C:\\Program Files (x86)\\Mozilla Firefox\\firefox.exe" "--marionette" "-foreground" "-no-remote" "-profile" "C:\\Users\\Acer\\AppData\\Local\\Temp\\rust_mozprofileNqX7nD"
1623867189662	Marionette	INFO	Marionette enabled
console.warn: SearchSettings: "get: No settings file exists, new profile?" (new NotFoundError("Could not open the file at C:\\Users\\Acer\\AppData\\Local\\Temp\\rust_mozprofileNqX7nD\\search.json.mozlz4", (void 0)))
1623867193613	Marionette	INFO	Listening on port 55116
1623867193791	Marionette	WARN	TLS certificate errors will be ignored for this session
JavaScript error: http://127.0.0.1:8000/static/js/index.js, line 22: TypeError: document.forms.form1['your-CNIC'] is undefined
1623867320219	Marionette	INFO	Stopped listening on port 55116
1623867351724	geckodriver	INFO	Listening on 127.0.0.1:55216
1623867354771	mozrunner::runner	INFO	Running command: "C:\\Program Files (x86)\\Mozilla Firefox\\firefox.exe" "--marionette" "-foreground" "-no-remote" "-profile" "C:\\Users\\Acer\\AppData\\Local\\Temp\\rust_mozprofileVp9Vrw"
1623867355343	Marionette	INFO	Marionette enabled
console.warn: SearchSettings: "get: No settings file exists, new profile?" (new NotFoundError("Could not open the file at C:\\Users\\Acer\\AppData\\Local\\Temp\\rust_mozprofileVp9Vrw\\search.json.mozlz4", (void 0)))
1623867359589	Marionette	INFO	Listening on port 55224
1623867360087	Marionette	WARN	TLS certificate errors will be ignored for this session
JavaScript error: http://127.0.0.1:8000/static/js/index.js, line 22: TypeError: document.forms.form1['your-CNIC'] is undefined
1623867467909	Marionette	INFO	Stopped listening on port 55224
3867432292	mozrunner::runner	INFO	Running command: "C:\\Program Files (x86)\\Mozilla Firefox\\firefox.exe" "--marionette" "-foreground" "-no-remote" "-profile" "C:\\Users\\Acer\\AppData\\Local\\Temp\\rust_mozprofileUxLeXK"
1623867432974	Marionette	INFO	Marionette enabled
console.warn: SearchSettings: "get: No settings file exists, new profile?" (new NotFoundError("Could not open the file at C:\\Users\\Acer\\AppData\\Local\\Temp\\rust_mozprofileUxLeXK\\search.json.mozlz4", (void 0)))
1623867437061	Marionette	INFO	Listening on port 55333
1623867437118	Marionette	WARN	TLS certificate errors will be ignored for this session
JavaScript error: http://127.0.0.1:8000/static/js/index.js, line 22: TypeError: document.forms.form1['your-CNIC'] is undefined
1623867463963	Marionette	INFO	Stopped listening on port 55333
1623868124224	geckodriver	INFO	Listening on 127.0.0.1:63543
1623868127292	mozrunner::runner	INFO	Running command: "C:\\Program Files (x86)\\Mozilla Firefox\\firefox.exe" "--marionette" "-foreground" "-no-remote" "-profile" "C:\\Users\\Acer\\AppData\\Local\\Temp\\rust_mozprofilej6NOLp"
1623868127953	Marionette	INFO	Marionette enabled
console.warn: SearchSettings: "get: No settings file exists, new profile?" (new NotFoundError("Could not open the file at C:\\Users\\Acer\\AppData\\Local\\Temp\\rust_mozprofilej6NOLp\\search.json.mozlz4", (void 0)))
1623868132329	Marionette	INFO	Listening on port 63551
1623868132631	Marionette	WARN	TLS certificate errors will be ignored for this session
JavaScript error: http://127.0.0.1:8000/static/js/index.js, line 22: TypeError: document.forms.form1['your-CNIC'] is undefined
1623868171950	Marionette	INFO	Stopped listening on port 63551

###!!! [Child][RunMessage] Error: Channel closing: too late to send/recv, messages will be lost


###!!! [Child][RunMessage] Error: Channel closing: too late to send/recv, messages will be lost

st_mozprofileZ2NHKD"
1623868154913	Marionette	INFO	Marionette enabled
console.warn: SearchSettings: "get: No settings file exists, new profile?" (new NotFoundError("Could not open the file at C:\\Users\\Acer\\AppData\\Local\\Temp\\rust_mozprofileZ2NHKD\\search.json.mozlz4", (void 0)))
1623868158784	Marionette	INFO	Listening on port 63637
1623868159105	Marionette	WARN	TLS certificate errors will be ignored for this session
1623868173153	Marionette	INFO	Stopped listening on port 63637
1623868241607	geckodriver	INFO	Listening on 127.0.0.1:63705
1623868244653	mozrunner::runner	INFO	Running command: "C:\\Program Files (x86)\\Mozilla Firefox\\firefox.exe" "--marionette" "-foreground" "-no-remote" "-profile" "C:\\Users\\Acer\\AppData\\Local\\Temp\\rust_mozprofilebY6k2n"
1623868245487	Marionette	INFO	Marionette enabled
console.warn: SearchSettings: "get: No settings file exists, new profile?" (new NotFoundError("Could not open the file at C:\\Users\\Acer\\AppData\\Local\\Temp\\rust_mozprofilebY6k2n\\search.json.mozlz4", (void 0)))
1623868249473	Marionette	INFO	Listening on port 63714
1623868249989	Marionette	WARN	TLS certificate errors will be ignored for this session
JavaScript error: http://127.0.0.1:8000/static/js/index.js, line 22: TypeError: document.forms.form1['your-CNIC'] is undefined
1623868290251	Marionette	INFO	Stopped listening on port 63714

###!!! [Child][RunMessage] Error: Channel closing: too late to send/recv, messages will be lost

1623868641200	geckodriver	INFO	Listening on 127.0.0.1:63867
1623868644238	mozrunner::runner	INFO	Running command: "C:\\Program Files (x86)\\Mozilla Firefox\\firefox.exe" "--marionette" "-foreground" "-no-remote" "-profile" "C:\\Users\\Acer\\AppData\\Local\\Temp\\rust_mozprofileyVxNiA"
1623868644913	Marionette	INFO	Marionette enabled
console.warn: SearchSettings: "get: No settings file exists, new profile?" (new NotFoundError("Could not open the file at C:\\Users\\Acer\\AppData\\Local\\Temp\\rust_mozprofileyVxNiA\\search.json.mozlz4", (void 0)))
1623868649140	Marionette	INFO	Listening on port 63875
1623868649596	Marionette	WARN	TLS certificate errors will be ignored for this session
JavaScript error: http://127.0.0.1:8000/static/js/index.js, line 22: TypeError: document.forms.form1['your-CNIC'] is undefined
1623868819679	Marionette	INFO	Stopped listening on port 63875
3868811656	mozrunner::runner	INFO	Running command: "C:\\Program Files (x86)\\Mozilla Firefox\\firefox.exe" "--marionette" "-foreground" "-no-remote" "-profile" "C:\\Users\\Acer\\AppData\\Local\\Temp\\rust_mozprofileoT8oVk"
1623868812347	Marionette	INFO	Marionette enabled
console.warn: SearchSettings: "get: No settings file exists, new profile?" (new NotFoundError("Could not open the file at C:\\Users\\Acer\\AppData\\Local\\Temp\\rust_mozprofileoT8oVk\\search.json.mozlz4", (void 0)))
1623868816824	Marionette	INFO	Listening on port 64049
1623868817002	Marionette	WARN	TLS certificate errors will be ignored for this session
console.error: Region.jsm: "Error fetching region" (new Error("TIMEOUT", "resource://gre/modules/Region.jsm", 772))
console.error: Region.jsm: "Failed to fetch region" (new Error("TIMEOUT", "resource://gre/modules/Region.jsm", 419))
JavaScript error: http://127.0.0.1:8000/static/js/index.js, line 22: TypeError: document.forms.form1['your-CNIC'] is undefined
1623868838660	Marionette	WARN	Ignoring event 'DOMContentLoaded' because document has an invalid readyState of 'complete'.
JavaScript error: resource://gre/modules/psm/RemoteSecuritySettings.jsm, line 735: NS_ERROR_ILLEGAL_VALUE: Component returned failure code: 0x80070057 (NS_ERROR_ILLEGAL_VALUE) [nsIXPCComponents_Utils.reportError]
1623869278252	Marionette	INFO	Stopped listening on port 64049

###!!! [Child][RunMessage] Error: Channel closing: too late to send/recv, messages will be lost


###!!! [Child][RunMessage] Error: Channel closing: too late to send/recv, messages will be lost

ata\\Local\\Temp\\rust_mozprofileA57q7X\\search.json.mozlz4", (void 0)))
1623868981780	Marionette	INFO	Listening on port 64197
1623868982000	Marionette	WARN	TLS certificate errors will be ignored for this session
console.error: Region.jsm: "Error fetching region" (new Error("TIMEOUT", "resource://gre/modules/Region.jsm", 772))
console.error: Region.jsm: "Failed to fetch region" (new Error("TIMEOUT", "resource://gre/modules/Region.jsm", 419))
JavaScript error: http://127.0.0.1:8000/static/js/index.js, line 22: TypeError: document.forms.form1['your-CNIC'] is undefined
1623869000508	Marionette	WARN	Ignoring event 'DOMContentLoaded' because document has an invalid readyState of 'complete'.
1623869276364	Marionette	INFO	Stopped listening on port 64191623869279284	mozrunner::runner	INFO	Running command: "C:\\Program Files (x86)\\Mozilla Firefox\\firefox.exe" "--marionette" "-foreground" "-no-remote" "-profile" "C:\\Users\\Acer\\AppData\\Local\\Temp\\rust_mozprofile2L2ZFZ"
1623869280267	Marionette	INFO	Marionette enabled
console.warn: SearchSettings: "get: No settings file exists, new profile?" (new NotFoundError("Could not open the file at C:\\Users\\Acer\\AppData\\Local\\Temp\\rust_mozprofile2L2ZFZ\\search.json.mozlz4", (void 0)))
1623869284924	Marionette	INFO	Listening on port 64408
1623869285219	Marionette	WARN	TLS certificate errors will be ignored for this session
JavaScript error: http://127.0.0.1:8000/static/js/index.js, line 22: TypeError: document.forms.form1['your-CNIC'] is undefined
1623869321015	Marionette	WARN	Ignoring event 'DOMContentLoaded' because document has an invalid readyState of 'complete'.

###!!! [Child][RunMessage] Error: Channel closing: too late to send/recv, messages will be lost

1623869378604	Marionette	INFO	Stopped listening on port 64408

###!!! [Child][RunMessage] Error: Channel closing: too late to send/recv, messages will be lost

1623869613800	geckodriver	INFO	Listening on 127.0.0.1:60668
1623869616857	mozrunner::runner	INFO	Running command: "C:\\Program Files (x86)\\Mozilla Firefox\\firefox.exe" "--marionette" "-foreground" "-no-remote" "-profile" "C:\\Users\\Acer\\AppData\\Local\\Temp\\rust_mozprofilexTs99q"
1623869617500	Marionette	INFO	Marionette enabled
console.warn: SearchSettings: "get: No settings file exists, new profile?" (new NotFoundError("Could not open the file at C:\\Users\\Acer\\AppData\\Local\\Temp\\rust_mozprofilexTs99q\\search.json.mozlz4", (void 0)))
1623869622131	Marionette	INFO	Listening on port 60676
1623869622177	Marionette	WARN	TLS certificate errors will be ignored for this session
JavaScript error: http://127.0.0.1:8000/static/js/index.js, line 22: TypeError: document.forms.form1['your-CNIC'] is undefined
1623869637736	Marionette	WARN	Ignoring event 'DOMContentLoaded' because document has an invalid readyState of 'complete'.

###!!! [Parent][MessageChannel] Error: (msgtype=0x390079,name=PContent::Msg_DestroyBrowsingContextGroup) Closed channel: cannot send/recv

1623869734425	Marionette	INFO	Stopped listening on port 60676

###!!! [Child][RunMessage] Error: Channel closing: too late to send/recv, messages will be lost

1624013197962	geckodriver	INFO	Listening on 127.0.0.1:55553
1624013201014	mozrunner::runner	INFO	Running command: "C:\\Program Files (x86)\\Mozilla Firefox\\firefox.exe" "--marionette" "-foreground" "-no-remote" "-profile" "C:\\Users\\Acer\\AppData\\Local\\Temp\\rust_mozprofileWpoY1m"
1624013202364	Marionette	INFO	Marionette enabled
console.warn: SearchSettings: "get: No settings file exists, new profile?" (new NotFoundError("Could not open the file at C:\\Users\\Acer\\AppData\\Local\\Temp\\rust_mozprofileWpoY1m\\search.json.mozlz4", (void 0)))
1624013207843	Marionette	INFO	Listening on port 55562
1624013208118	Marionette	WARN	TLS certificate errors will be ignored for this session
JavaScript error: http://127.0.0.1:8000/static/js/index.js, line 22: TypeError: document.forms.form1['your-CNIC'] is undefined
1624013263734	Marionette	INFO	Stopped listening on port 55562
1624015806267	geckodriver	INFO	Listening on 127.0.0.1:50125
1624015809318	mozrunner::runner	INFO	Running command: "C:\\Program Files (x86)\\Mozilla Firefox\\firefox.exe" "--marionette" "-foreground" "-no-remote" "-profile" "C:\\Users\\Acer\\AppData\\Local\\Temp\\rust_mozprofileCqVRz1"
1624015810232	Marionette	INFO	Marionette enabled
console.warn: SearchSettings: "get: No settings file exists, new profile?" (new NotFoundError("Could not open the file at C:\\Users\\Acer\\AppData\\Local\\Temp\\rust_mozprofileCqVRz1\\search.json.mozlz4", (void 0)))
1624015815026	Marionette	INFO	Listening on port 50133
1624015815172	Marionette	WARN	TLS certificate errors will be ignored for this session
JavaScript error: http://127.0.0.1:8000/static/js/index.js, line 22: TypeError: document.forms.form1['your-CNIC'] is undefined
1624015831629	Marionette	WARN	Ignoring event 'DOMContentLoaded' because document has an invalid readyState of 'complete'.
1624015855517	Marionette	WARN	Ignoring event 'DOMContentLoaded' because document has an invalid readyState of 'complete'.
1624015875654	Marionette	INFO	Stopped listening on port 50133

###!!! [Child][RunMessage] Error: Channel closing: too late to send/recv, messages will be lost

1624016707892	geckodriver	INFO	Listening on 127.0.0.1:51595
1624016710939	mozrunner::runner	INFO	Running command: "C:\\Program Files (x86)\\Mozilla Firefox\\firefox.exe" "--marionette" "-foreground" "-no-remote" "-profile" "C:\\Users\\Acer\\AppData\\Local\\Temp\\rust_mozprofile9Lprx3"
1624016711724	Marionette	INFO	Marionette enabled
console.warn: SearchSettings: "get: No settings file exists, new profile?" (new NotFoundError("Could not open the file at C:\\Users\\Acer\\AppData\\Local\\Temp\\rust_mozprofile9Lprx3\\search.json.mozlz4", (void 0)))
1624016716572	Marionette	INFO	Listening on port 51604
1624016716770	Marionette	WARN	TLS certificate errors will be ignored for this session
JavaScript error: http://127.0.0.1:8000/static/js/index.js, line 22: TypeError: document.forms.form1['your-CNIC'] is undefined
1624016733193	Marionette	WARN	Ignoring event 'DOMContentLoaded' because document has an invalid readyState of 'complete'.
1624016753067	Marionette	WARN	Ignoring event 'DOMContentLoaded' because document has an invalid readyState of 'complete'.
console.warn: services.settings: main/doh-config Signature verified failed. Retry from scratch
console.warn: services.settings: main/doh-providers Signature verified failed. Retry from scratch
JavaScript error: resource://gre/modules/psm/RemoteSecuritySettings.jsm, line 735: NS_ERROR_ILLEGAL_VALUE: Component returned failure code: 0x80070057 (NS_ERROR_ILLEGAL_VALUE) [nsIXPCComponents_Utils.reportError]
1624017194502	Marionette	INFO	Stopped listening on port 51604

###!!! [Child][RunMessage] Error: Channel closing: too late to send/recv, messages will be lost


###!!! [Child][RunMessage] Error: Channel closing: too late to send/recv, messages will be lost

1626684446618	geckodriver	INFO	Listening on 127.0.0.1:65316
1626684449695	mozrunner::runner	INFO	Running command: "C:\\Program Files (x86)\\Mozilla Firefox\\firefox.exe" "--marionette" "-foreground" "-no-remote" "-profile" "C:\\Users\\Acer\\AppData\\Local\\Temp\\rust_mozprofilelL2d3X"
1626684450597	Marionette	INFO	Marionette enabled
console.warn: SearchSettings: "get: No settings file exists, new profile?" (new NotFoundError("Could not open the file at C:\\Users\\Acer\\AppData\\Local\\Temp\\rust_mozprofilelL2d3X\\search.json.mozlz4", (void 0)))
1626684454571	Marionette	INFO	Listening on port 65328
1626684455034	RemoteAgent	WARN	TLS certificate errors will be ignored for this session
1626684469259	Marionette	WARN	Ignoring event 'pageshow' because document has an invalid readyState of 'interactive'.
1626684476404	Marionette	WARN	Ignoring event 'pageshow' because document has an invalid readyState of 'interactive'.
1626684486512	Marionette	WARN	Ignoring event 'pageshow' because document has an invalid readyState of 'interactive'.
1626684494169	Marionette	WARN	Ignoring event 'pageshow' because document has an invalid readyState of 'interactive'.
1626684501308	Marionette	WARN	Ignoring event 'pageshow' because document has an invalid readyState of 'interactive'.
1626684508407	Marionette	WARN	Ignoring event 'pageshow' because document has an invalid readyState of 'interactive'.
1626684515545	Marionette	WARN	Ignoring event 'pageshow' because document has an invalid readyState of 'interactive'.
1626684567271	Marionette	INFO	Stopped listening on port 65328
JavaScript error: resource:///modules/Interactions.jsm, line 209: NS_ERROR_FAILURE: Component returned failure code: 0x80004005 (NS_ERROR_FAILURE) [nsIUserIdleService.removeIdleObserver]
JavaScript error: chrome://remote/content/marionette/cert.js, line 55: NS_ERROR_NOT_AVAILABLE: Component returned failure code: 0x80040111 (NS_ERROR_NOT_AVAILABLE) [nsICertOverrideService.setDisableAllSecurityChecksAndLetAttackersInterceptMyData]

###!!! [Child][RunMessage] Error: Channel closing: too late to send/recv, messages will be lost

 62916
1626684566363	RemoteAgent	WARN	TLS certificate errors will be ignored for this session
1626684802918	Marionette	INFO	Stopped listening on port 62916
JavaScript error: resource:///modules/Interactions.jsm, line 209: NS_ERROR_FAILURE: Component returned failure code: 0x80004005 (NS_ERROR_FAILURE) [nsIUserIdleService.removeIdleObserver]
ocal\\Temp\\rust_mozprofileL64U1d"
1626684669201	Marionette	INFO	Marionette enabled
console.warn: SearchSettings: "get: No settings file exists, new profile?" (new NotFoundError("Could not open the file at C:\\Users\\Acer\\AppData\\Local\\Temp\\rust_mozprofileL64U1d\\search.json.mozlz4", (void 0)))
1626684673665	Marionette	INFO	Listening on port 63009
1626684673870	RemoteAgent	WARN	TLS certificate errors will be ignored for this session
JavaScript error: http://127.0.0.1:8000/static/js/index.js, line 22: TypeError: document.forms.form1['your-CNIC'] is undefined
1626684804228	Marionette	INFO	Stopped listening on port 63009
JavaScript error: resource:///modules/Interactions.jsm, line 209: NS_ERROR_FAILURE: Component returned failure code: 0x80004005 (NS_ERROR_FAILURE) [nsIUserIdleService.removeIdleObserver]
JavaScript error: chrome://remote/content/marionette/cert.js, line 55: NS_ERROR_NOT_AVAILABLE: Component returned failure code: 0x80040111 (NS_ERROR_NOT_AVAILABLE) [nsICertOverrideService.setDisableAllSecurityChecksAndLetAttackersInterceptMyData]

###!!! [Child][RunMessage] Error: Channel closing: too late to send/recv, messages will be lost

1626685550732	geckodriver	INFO	Listening on 127.0.0.1:63302
1626685553775	mozrunner::runner	INFO	Running command: "C:\\Program Files (x86)\\Mozilla Firefox\\firefox.exe" "--marionette" "-foreground" "-no-remote" "-profile" "C:\\Users\\Acer\\AppData\\Local\\Temp\\rust_mozprofileFdWRpp"
1626685554490	Marionette	INFO	Marionette enabled
console.warn: SearchSettings: "get: No settings file exists, new profile?" (new NotFoundError("Could not open the file at C:\\Users\\Acer\\AppData\\Local\\Temp\\rust_mozprofileFdWRpp\\search.json.mozlz4", (void 0)))
1626685558888	Marionette	INFO	Listening on port 63311
1626685559138	RemoteAgent	WARN	TLS certificate errors will be ignored for this session
JavaScript error: http://127.0.0.1:8000/static/js/index.js, line 22: TypeError: document.forms.form1['your-CNIC'] is undefined
1626685682601	Marionette	INFO	Stopped listening on port 63311626685683896	mozrunner::runner	INFO	Running command: "C:\\Program Files (x86)\\Mozilla Firefox\\firefox.exe" "--marionette" "-foreground" "-no-remote" "-profile" "C:\\Users\\Acer\\AppData\\Local\\Temp\\rust_mozprofileLKree1"
1626685684896	Marionette	INFO	Marionette enabled
console.warn: SearchSettings: "get: No settings file exists, new profile?" (new NotFoundError("Could not open the file at C:\\Users\\Acer\\AppData\\Local\\Temp\\rust_mozprofileLKree1\\search.json.mozlz4", (void 0)))
1626685689176	Marionette	INFO	Listening on port 63433
1626685689219	RemoteAgent	WARN	TLS certificate errors will be ignored for this session
1626685901419	Marionette	INFO	Stopped listening on port 63433
JavaScript error: resource:///modules/Interactions.jsm, line 209: NS_ERROR_FAILURE: Component returned failure code: 0x80004005 (NS_ERROR_FAILURE) [nsIUserIdleService.removeIdleObserver]

###!!! [Child][RunMessage] Error: Channel closing: too late to send/recv, messages will be lost

archSettings: "get: No settings file exists, new profile?" (new NotFoundError("Could not open the file at C:\\Users\\Acer\\AppData\\Local\\Temp\\rust_mozprofiley4NSJP\\search.json.mozlz4", (void 0)))
1626685801956	Marionette	INFO	Listening on port 63563
1626685802413	RemoteAgent	WARN	TLS certificate errors will be ignored for this session
1626685898790	Marionette	INFO	Stopped listening on port 63563
JavaScript error: resource:///modules/Interactions.jsm, line 209: NS_ERROR_FAILURE: Component returned failure code: 0x80004005 (NS_ERROR_FAILURE) [nsIUserIdleService.removeIdleObserver]
1626685898959	geckodriver	INFO	Listening on 127.0.0.1:63674
1626685901994	mozrunner::runner	INFO	Running command: "C:\\Program Files (x86)\\Mozilla Firefox\\firefox.exe" "--marionette" "-foreground" "-no-remote" "-profile" "C:\\Users\\Acer\\AppData\\Local\\Temp\\rust_mozprofileHDwoUw"
1626685902892	Marionette	INFO	Marionette enabled
console.warn: SearchSettings: "get: No settings file exists, new profile?" (new NotFoundError("Could not open the file at C:\\Users\\Acer\\AppData\\Local\\Temp\\rust_mozprofileHDwoUw\\search.json.mozlz4", (void 0)))
1626685907669	Marionette	INFO	Listening on port 63682
1626685908011	RemoteAgent	WARN	TLS certificate errors will be ignored for this session
1626685967703	Marionette	INFO	Stopped listening on port 63682
JavaScript error: resource:///modules/Interactions.jsm, line 209: NS_ERROR_FAILURE: Component returned failure code: 0x80004005 (NS_ERROR_FAILURE) [nsIUserIdleService.removeIdleObserver]
ocal\\Temp\\rust_mozprofilevTAC7T"
1626685961601	Marionette	INFO	Marionette enabled
console.warn: SearchSettings: "get: No settings file exists, new profile?" (new NotFoundError("Could not open the file at C:\\Users\\Acer\\AppData\\Local\\Temp\\rust_mozprofilevTAC7T\\search.json.mozlz4", (void 0)))
1626685966041	Marionette	INFO	Listening on port 63788
1626685966116	RemoteAgent	WARN	TLS certificate errors will be ignored for this session
1626686195589	Marionette	INFO	Stopped listening on port 63788
JavaScript error: resource:///modules/Interactions.jsm, line 209: NS_ERROR_FAILURE: Component returned failure code: 0x80004005 (NS_ERROR_FAILURE) [nsIUserIdleService.removeIdleObserver]
JavaScript error: chrome://remote/content/marionette/cert.js, line 55: NS_ERROR_NOT_AVAILABLE: Component returned failure code: 0x80040111 (NS_ERROR_NOT_AVAILABLE) [nsICertOverrideService.setDisableAllSecurityChecksAndLetAttackersInterceptMyData]

###!!! [Child][RunMessage] Error: Channel closing: too late to send/recv, messages will be lost

1626686201514	geckodriver	INFO	Listening on 127.0.0.1:63935
1626686204540	mozrunner::runner	INFO	Running command: "C:\\Program Files (x86)\\Mozilla Firefox\\firefox.exe" "--marionette" "-foreground" "-no-remote" "-profile" "C:\\Users\\Acer\\AppData\\Local\\Temp\\rust_mozprofilewOHKRj"
1626686205346	Marionette	INFO	Marionette enabled
console.warn: SearchSettings: "get: No settings file exists, new profile?" (new NotFoundError("Could not open the file at C:\\Users\\Acer\\AppData\\Local\\Temp\\rust_mozprofilewOHKRj\\search.json.mozlz4", (void 0)))
1626686210005	Marionette	INFO	Listening on port 63943
1626686210379	RemoteAgent	WARN	TLS certificate errors will be ignored for this session
1626686245457	Marionette	INFO	Stopped listening on port 63943
JavaScript error: resource:///modules/Interactions.jsm, line 209: NS_ERROR_FAILURE: Component returned failure code: 0x80004005 (NS_ERROR_FAILURE) [nsIUserIdleService.removeIdleObserver]
ocal\\Temp\\rust_mozprofilesLKGky"
1626686220079	Marionette	INFO	Marionette enabled
console.warn: SearchSettings: "get: No settings file exists, new profile?" (new NotFoundError("Could not open the file at C:\\Users\\Acer\\AppData\\Local\\Temp\\rust_mozprofilesLKGky\\search.json.mozlz4", (void 0)))
1626686224615	Marionette	INFO	Listening on port 64016
1626686225064	RemoteAgent	WARN	TLS certificate errors will be ignored for this session
1626686257958	Marionette	INFO	Stopped listening on port 64016
JavaScript error: resource:///modules/Interactions.jsm, line 209: NS_ERROR_FAILURE: Component returned failure code: 0x80004005 (NS_ERROR_FAILURE) [nsIUserIdleService.removeIdleObserver]

###!!! [Child][RunMessage] Error: Channel closing: too late to send/recv, messages will be lost

archSettings: "get: No settings file exists, new profile?" (new NotFoundError("Could not open the file at C:\\Users\\Acer\\AppData\\Local\\Temp\\rust_mozprofile4GM4zr\\search.json.mozlz4", (void 0)))
1626686237470	Marionette	INFO	Listening on port 64082
1626686237739	RemoteAgent	WARN	TLS certificate errors will be ignored for this session
1626686256069	Marionette	INFO	Stopped listening on port 64082
JavaScript error: resource:///modules/Interactions.jsm, line 209: NS_ERROR_FAILURE: Component returned failure code: 0x80004005 (NS_ERROR_FAILURE) [nsIUserIdleService.removeIdleObserver]
[Parent 13504, IPC I/O Parent] WARNING: pipe error: 232: file /builds/worker/checkouts/gecko/ipc/chromium/src/chrome/common/ipc_channel_win.cc:544
w profile?" (new NotFoundError("Could not open the file at C:\\Users\\Acer\\AppData\\Local\\Temp\\rust_mozprofileFS1uOw\\search.json.mozlz4", (void 0)))
1626686252186	Marionette	INFO	Listening on port 64151
1626686254334	Marionette	INFO	Stopped listening on port 64151
JavaScript error: resource:///modules/Interactions.jsm, line 209: NS_ERROR_FAILURE: Component returned failure code: 0x80004005 (NS_ERROR_FAILURE) [nsIUserIdleService.removeIdleObserver]
console.warn: services.settings: main/whats-new-panel sync interrupted by shutdown

###!!! [Parent][MessageChannel] Error: (msgtype=0x390076,name=PContent::Msg_DestroyBrowsingContextGroup) Closed channel: cannot send/recv


###!!! [Child][MessageChannel] Error: (msgtype=0x23002E,name=PBrowser::Msg___delete__) Channel closing: too late to send/recv, messages will be lost


###!!! [Child][RunMessage] Error: Channel closing: too late to send/recv, messages will be lost

1626686907571	geckodriver	INFO	Listening on 127.0.0.1:53608
1626686910609	mozrunner::runner	INFO	Running command: "C:\\Program Files (x86)\\Mozilla Firefox\\firefox.exe" "--marionette" "-foreground" "-no-remote" "-profile" "C:\\Users\\Acer\\AppData\\Local\\Temp\\rust_mozprofileK06rG9"
1626686911476	Marionette	INFO	Marionette enabled
console.warn: SearchSettings: "get: No settings file exists, new profile?" (new NotFoundError("Could not open the file at C:\\Users\\Acer\\AppData\\Local\\Temp\\rust_mozprofileK06rG9\\search.json.mozlz4", (void 0)))
1626686916105	Marionette	INFO	Listening on port 53619
1626686916435	RemoteAgent	WARN	TLS certificate errors will be ignored for this session
1626686977801	Marionette	INFO	Stopped listening on port 53611626686978875	mozrunner::runner	INFO	Running command: "C:\\Program Files (x86)\\Mozilla Firefox\\firefox.exe" "--marionette" "-foreground" "-no-remote" "-profile" "C:\\Users\\Acer\\AppData\\Local\\Temp\\rust_mozprofileNXXcVr"
1626686979630	Marionette	INFO	Marionette enabled
console.warn: SearchSettings: "get: No settings file exists, new profile?" (new NotFoundError("Could not open the file at C:\\Users\\Acer\\AppData\\Local\\Temp\\rust_mozprofileNXXcVr\\search.json.mozlz4", (void 0)))
1626686984199	Marionette	INFO	Listening on port 53751
1626686984697	RemoteAgent	WARN	TLS certificate errors will be ignored for this session
1626687113637	Marionette	INFO	Stopped listening on port 53751
JavaScript error: resource:///modules/Interactions.jsm, line 209: NS_ERROR_FAILURE: Component returned failure code: 0x80004005 (NS_ERROR_FAILURE) [nsIUserIdleService.removeIdleObserver]
JavaScript error: chrome://remote/content/marionette/cert.js, line 55: NS_ERROR_NOT_Aconsole.warn: SearchSettings: "get: No settings file exists, new profile?" (new NotFoundError("Could not open the file at C:\\Users\\Acer\\AppData\\Local\\Temp\\rust_mozprofileLnQpEE\\search.json.mozlz4", (void 0)))
1626687117138	Marionette	INFO	Listening on port 53887
1626687117388	RemoteAgent	WARN	TLS certificate errors will be ignored for this session
1626687208001	Marionette	INFO	Stopped listening on port 53881626687209764	mozrunner::runner	INFO	Running command: "C:\\Program Files (x86)\\Mozilla Firefox\\firefox.exe" "--marionette" "-foreground" "-no-remote" "-profile" "C:\\Users\\Acer\\AppData\\Local\\Temp\\rust_mozprofile5D3Hfq"
1626687210527	Marionette	INFO	Marionette enabled
console.warn: SearchSettings: "get: No settings file exists, new profile?" (new NotFoundError("Could not open the file at C:\\Users\\Acer\\AppData\\Local\\Temp\\rust_mozprofile5D3Hfq\\search.json.mozlz4", (void 0)))
1626687214991	Marionette	INFO	Listening on port 54018
1626687215104	RemoteAgent	WARN	TLS certificate errors will be ignored for this session
